Activating service name='org.gtk.vfs.Daemon'
Successfully activated service 'org.gtk.vfs.Daemon'
Activating service name='org.a11y.Bus'
Successfully activated service 'org.a11y.Bus'
Activating service name='org.a11y.atspi.Registry'
Successfully activated service 'org.a11y.atspi.Registry'

** (at-spi2-registryd:2353): WARNING **: Failed to register client: GDBus.Error:org.freedesktop.DBus.Error.ServiceUnknown: The name org.gnome.SessionManager was not provided by any .service files

** (at-spi2-registryd:2353): WARNING **: Unable to register client with session manager
Activating service name='ca.desrt.dconf'
Successfully activated service 'ca.desrt.dconf'
Activating service name='org.gtk.Private.UDisks2VolumeMonitor'
Successfully activated service 'org.gtk.Private.UDisks2VolumeMonitor'
Activating service name='org.gtk.Private.GPhoto2VolumeMonitor'
Successfully activated service 'org.gtk.Private.GPhoto2VolumeMonitor'
Activating service name='org.gtk.Private.AfcVolumeMonitor'
Successfully activated service 'org.gtk.Private.AfcVolumeMonitor'
Activating service name='org.gtk.Private.MTPVolumeMonitor'
Successfully activated service 'org.gtk.Private.MTPVolumeMonitor'
Activating service name='org.gnome.GConf'
Successfully activated service 'org.gnome.GConf'
